<?xml version="1.0" encoding="UTF-8"?>
<testng-results skipped="0" failed="0" ignored="0" total="3" passed="3">
  <reporter-output>
  </reporter-output>
  <suite name="Default suite" duration-ms="52118" started-at="2019-05-31T04:28:52Z" finished-at="2019-05-31T04:29:44Z">
    <groups>
    </groups>
    <test name="Default test" duration-ms="52118" started-at="2019-05-31T04:28:52Z" finished-at="2019-05-31T04:29:44Z">
      <class name="com.training.sanity.tests.RETC_005_PasswordUpdate">
        <test-method status="PASS" signature="setUpBeforeClass()[pri:0, instance:com.training.sanity.tests.RETC_005_PasswordUpdate@14acaea5]" name="setUpBeforeClass" is-config="true" duration-ms="30813" started-at="2019-05-31T04:28:52Z" finished-at="2019-05-31T04:29:23Z">
          <reporter-output>
          </reporter-output>
        </test-method> <!-- setUpBeforeClass -->
        <test-method status="PASS" signature="validLoginTest()[pri:0, instance:com.training.sanity.tests.RETC_005_PasswordUpdate@14acaea5]" name="validLoginTest" duration-ms="6933" started-at="2019-05-31T04:29:23Z" finished-at="2019-05-31T04:29:30Z">
          <reporter-output>
          </reporter-output>
        </test-method> <!-- validLoginTest -->
        <test-method status="PASS" signature="ValidateTitle()[pri:1, instance:com.training.sanity.tests.RETC_005_PasswordUpdate@14acaea5]" name="ValidateTitle" duration-ms="31" started-at="2019-05-31T04:29:30Z" finished-at="2019-05-31T04:29:30Z">
          <reporter-output>
          </reporter-output>
        </test-method> <!-- ValidateTitle -->
        <test-method status="PASS" signature="MyProfile()[pri:2, instance:com.training.sanity.tests.RETC_005_PasswordUpdate@14acaea5]" name="MyProfile" duration-ms="14294" started-at="2019-05-31T04:29:30Z" depends-on-methods="com.training.sanity.tests.RETC_005_PasswordUpdate.ValidateTitle" finished-at="2019-05-31T04:29:44Z">
          <reporter-output>
          </reporter-output>
        </test-method> <!-- MyProfile -->
      </class> <!-- com.training.sanity.tests.RETC_005_PasswordUpdate -->
    </test> <!-- Default test -->
  </suite> <!-- Default suite -->
</testng-results>
