<?xml version="1.0" encoding="UTF-8"?>
<!-- Generated by org.testng.reporters.JUnitXMLReporter -->
<testsuite hostname="IBM632-PC0GHYB0" ignored="0" name="Default test" tests="3" failures="0" timestamp="31 May 2019 04:29:44 GMT" time="52.118" errors="0">
  <testcase name="validLoginTest" time="6.933" classname="com.training.sanity.tests.RETC_005_PasswordUpdate"/>
  <testcase name="ValidateTitle" time="0.031" classname="com.training.sanity.tests.RETC_005_PasswordUpdate"/>
  <testcase name="MyProfile" time="14.294" classname="com.training.sanity.tests.RETC_005_PasswordUpdate"/>
</testsuite> <!-- Default test -->
