<?xml version="1.0" encoding="UTF-8"?>
<!-- Generated by org.testng.reporters.JUnitXMLReporter -->
<testsuite hostname="IBM632-PC0GHYB0" ignored="0" name="Default test" tests="4" failures="0" timestamp="21 Jun 2019 10:19:47 GMT" time="85.045" errors="0">
  <testcase name="validLoginTest" time="8.753" classname="com.training.sanity.tests.RETC_065_posts"/>
  <testcase name="users" time="30.172" classname="com.training.sanity.tests.RETC_065_posts"/>
  <testcase name="ValidateTitle1" time="0.013" classname="com.training.sanity.tests.RETC_065_posts"/>
  <testcase name="addUser" time="23.88" classname="com.training.sanity.tests.RETC_065_posts"/>
</testsuite> <!-- Default test -->
